<?xml version="1.0" encoding="UTF-8"?>
<!-- Generated by org.testng.reporters.JUnitReportReporter -->
<testsuite skipped="2" hostname="LAPTOP-N1QJ0PMG" name="com.mwbtech.PagarPlusApp.AttendanceScreenTest" tests="3" failures="0" timestamp="03 Feb 2023 07:38:23 GMT" time="62.409" errors="0">
  <testcase name="AttendaanceWithLocalVisitAndWholeDay" time="62.409" classname="com.mwbtech.PagarPlusApp.AttendanceScreenTest"/>
  <testcase name="AttendaanceWithBranchVisitAndFirstHalf" classname="com.mwbtech.PagarPlusApp.AttendanceScreenTest">
    <skipped/>
  </testcase> <!-- AttendaanceWithBranchVisitAndFirstHalf -->
  <testcase name="AttendaanceWithOutstationVisitAndSecondHalf" classname="com.mwbtech.PagarPlusApp.AttendanceScreenTest">
    <skipped/>
  </testcase> <!-- AttendaanceWithOutstationVisitAndSecondHalf -->
</testsuite> <!-- com.mwbtech.PagarPlusApp.AttendanceScreenTest -->
