<?xml version="1.0" encoding="UTF-8"?>
<!-- Generated by org.testng.reporters.JUnitReportReporter -->
<testsuite skipped="0" hostname="LAPTOP-N1QJ0PMG" name="com.mwbtech.PagarPlusApp.CreateNewEmployeeScreenTest" tests="1" failures="0" timestamp="28 Feb 2023 13:08:25 GMT" time="77.498" errors="0">
  <testcase name="createEmployeePositiveScenario" time="77.498" classname="com.mwbtech.PagarPlusApp.CreateNewEmployeeScreenTest"/>
</testsuite> <!-- com.mwbtech.PagarPlusApp.CreateNewEmployeeScreenTest -->
